<?xml version="1.0" encoding="UTF-8"?>
<!-- Generated by org.testng.reporters.JUnitXMLReporter -->
<testsuite ignored="0" hostname="Monicas-MBP" failures="0" tests="3" name="Default test" time="12.453" errors="0" timestamp="21 Jul 2020 06:08:47 GMT">
  <testcase classname="com.qa.hubspot.tests.HomePageTest" name="verifyHomePageTitleTest" time="3.546"/>
  <testcase classname="com.qa.hubspot.tests.HomePageTest" name="verifyHomePageHeaderTest" time="0.058"/>
  <testcase classname="com.qa.hubspot.tests.HomePageTest" name="verifyLoggedInAccountName" time="0.117"/>
</testsuite> <!-- Default test -->
