<?xml version="1.0" encoding="UTF-8"?>
<!-- Generated by org.testng.reporters.JUnitXMLReporter -->
<testsuite ignored="2" hostname="Monicas-MBP" failures="0" tests="6" name="Hubspot feature Testing" time="11.02" errors="0" timestamp="21 Jul 2020 06:09:37 GMT">
  <testcase classname="com.qa.hubspot.tests.HomePageTest" name="@BeforeClass HomePageSetUp" time="0.001">
    <failure type="java.lang.NullPointerException">
      <![CDATA[java.lang.NullPointerException
at com.qa.hubspot.tests.HomePageTest.HomePageSetUp(HomePageTest.java:19)
... Removed 26 stack frames]]>
    </failure>
  </testcase> <!-- @BeforeClass HomePageSetUp -->
  <testcase classname="com.qa.hubspot.tests.LoginPageTest" name="verifySignUpLinkExistTest" time="6.492"/>
  <testcase classname="com.qa.hubspot.tests.HomePageTest" name="verifyHomePageTitleTest" time="0.0">
    <skipped/>
  </testcase> <!-- verifyHomePageTitleTest -->
  <testcase classname="com.qa.hubspot.tests.LoginPageTest" name="verifyLoginPageTitleTest" time="0.014"/>
  <testcase classname="com.qa.hubspot.tests.HomePageTest" name="verifyHomePageHeaderTest" time="0.0">
    <skipped/>
  </testcase> <!-- verifyHomePageHeaderTest -->
  <testcase classname="com.qa.hubspot.tests.LoginPageTest" name="verifyLoginTest" time="0.469"/>
  <testcase classname="com.qa.hubspot.tests.HomePageTest" name="verifyLoggedInAccountName" time="0.0">
    <skipped/>
  </testcase> <!-- verifyLoggedInAccountName -->
  <testcase classname="com.qa.hubspot.base.BaseTest" name="@BeforeTest setUp" time="0.0">
    <ignored/>
  </testcase> <!-- @BeforeTest setUp -->
  <testcase classname="com.qa.hubspot.base.BaseTest" name="@AfterTest tearDown" time="0.0">
    <ignored/>
  </testcase> <!-- @AfterTest tearDown -->
</testsuite> <!-- Hubspot feature Testing -->
