<?xml version="1.0" encoding="UTF-8"?>
<testsuite xmlns:xsi="http://www.w3.org/2001/XMLSchema-instance" xsi:noNamespaceSchemaLocation="https://maven.apache.org/surefire/maven-surefire-plugin/xsd/surefire-test-report.xsd" name="com.qa.hubspot.tests.LoginPageTest" time="9.196" tests="3" errors="0" skipped="0" failures="0">
  <properties>
[...]
</properties>
  <testcase name="verifySignUpLinkExistTest" classname="com.qa.hubspot.tests.LoginPageTest" time="5.525"/>
  <testcase name="verifyLoginPageTitleTest" classname="com.qa.hubspot.tests.LoginPageTest" time="0.012"/>
  <testcase name="verifyLoginTest" classname="com.qa.hubspot.tests.LoginPageTest" time="0.447"/>
</testsuite>