<?xml version="1.0" encoding="UTF-8"?>
<testng-results ignored="0" total="3" passed="3" failed="0" skipped="0">
  <reporter-output>
  </reporter-output>
  <suite started-at="2020-07-17T10:17:21Z" name="Surefire suite" finished-at="2020-07-17T10:17:30Z" duration-ms="8777">
    <groups>
    </groups>
    <test started-at="2020-07-17T10:17:21Z" name="Surefire test" finished-at="2020-07-17T10:17:30Z" duration-ms="8777">
      <class name="com.qa.hubspot.tests.LoginPageTest">
        <test-method is-config="true" signature="setUp()[pri:0, instance:com.qa.hubspot.tests.LoginPageTest@45820e51]" started-at="2020-07-17T10:17:21Z" name="setUp" finished-at="2020-07-17T10:17:24Z" duration-ms="2680" status="PASS">
          <reporter-output>
          </reporter-output>
        </test-method> <!-- setUp -->
        <test-method signature="verifySignUpLinkExistTest()[pri:1, instance:com.qa.hubspot.tests.LoginPageTest@45820e51]" started-at="2020-07-17T10:17:24Z" name="verifySignUpLinkExistTest" finished-at="2020-07-17T10:17:30Z" duration-ms="5524" status="PASS">
          <reporter-output>
          </reporter-output>
        </test-method> <!-- verifySignUpLinkExistTest -->
        <test-method signature="verifyLoginPageTitleTest()[pri:2, instance:com.qa.hubspot.tests.LoginPageTest@45820e51]" started-at="2020-07-17T10:17:30Z" name="verifyLoginPageTitleTest" finished-at="2020-07-17T10:17:30Z" duration-ms="12" status="PASS">
          <reporter-output>
          </reporter-output>
        </test-method> <!-- verifyLoginPageTitleTest -->
        <test-method signature="verifyLoginTest()[pri:3, instance:com.qa.hubspot.tests.LoginPageTest@45820e51]" started-at="2020-07-17T10:17:30Z" name="verifyLoginTest" finished-at="2020-07-17T10:17:30Z" duration-ms="447" status="PASS">
          <reporter-output>
          </reporter-output>
        </test-method> <!-- verifyLoginTest -->
        <test-method is-config="true" signature="tearDown()[pri:0, instance:com.qa.hubspot.tests.LoginPageTest@45820e51]" started-at="2020-07-17T10:17:30Z" name="tearDown" finished-at="2020-07-17T10:17:30Z" duration-ms="102" status="PASS">
          <reporter-output>
          </reporter-output>
        </test-method> <!-- tearDown -->
      </class> <!-- com.qa.hubspot.tests.LoginPageTest -->
    </test> <!-- Surefire test -->
  </suite> <!-- Surefire suite -->
</testng-results>
