<?xml version="1.0" encoding="UTF-8"?>
<testng-results ignored="0" total="6" passed="6" failed="0" skipped="0">
  <reporter-output>
  </reporter-output>
  <suite started-at="2020-07-21T06:11:06Z" name="Hub spot Test Automation regression suite" finished-at="2020-07-21T06:11:38Z" duration-ms="31254">
    <groups>
    </groups>
    <test started-at="2020-07-21T06:11:06Z" name="Login Page Test" finished-at="2020-07-21T06:11:25Z" duration-ms="18972">
      <class name="com.qa.hubspot.tests.LoginPageTest">
        <test-method is-config="true" signature="setUp()[pri:0, instance:com.qa.hubspot.tests.LoginPageTest@14cd1699]" started-at="2020-07-21T06:11:06Z" name="setUp" finished-at="2020-07-21T06:11:10Z" duration-ms="4004" status="PASS">
          <reporter-output>
          </reporter-output>
        </test-method> <!-- setUp -->
        <test-method signature="verifySignUpLinkExistTest()[pri:1, instance:com.qa.hubspot.tests.LoginPageTest@14cd1699]" started-at="2020-07-21T06:11:10Z" name="verifySignUpLinkExistTest" finished-at="2020-07-21T06:11:25Z" duration-ms="14386" status="PASS">
          <reporter-output>
          </reporter-output>
        </test-method> <!-- verifySignUpLinkExistTest -->
        <test-method signature="verifyLoginPageTitleTest()[pri:2, instance:com.qa.hubspot.tests.LoginPageTest@14cd1699]" started-at="2020-07-21T06:11:25Z" name="verifyLoginPageTitleTest" finished-at="2020-07-21T06:11:25Z" duration-ms="12" status="PASS">
          <reporter-output>
          </reporter-output>
        </test-method> <!-- verifyLoginPageTitleTest -->
        <test-method signature="verifyLoginTest()[pri:3, instance:com.qa.hubspot.tests.LoginPageTest@14cd1699]" started-at="2020-07-21T06:11:25Z" name="verifyLoginTest" finished-at="2020-07-21T06:11:25Z" duration-ms="439" status="PASS">
          <reporter-output>
          </reporter-output>
        </test-method> <!-- verifyLoginTest -->
        <test-method is-config="true" signature="tearDown()[pri:0, instance:com.qa.hubspot.tests.LoginPageTest@14cd1699]" started-at="2020-07-21T06:11:25Z" name="tearDown" finished-at="2020-07-21T06:11:25Z" duration-ms="107" status="PASS">
          <reporter-output>
          </reporter-output>
        </test-method> <!-- tearDown -->
      </class> <!-- com.qa.hubspot.tests.LoginPageTest -->
    </test> <!-- Login Page Test -->
    <test started-at="2020-07-21T06:11:26Z" name="Home Page Test" finished-at="2020-07-21T06:11:38Z" duration-ms="12058">
      <class name="com.qa.hubspot.tests.HomePageTest">
        <test-method is-config="true" signature="setUp()[pri:0, instance:com.qa.hubspot.tests.HomePageTest@54d9d12d]" started-at="2020-07-21T06:11:26Z" name="setUp" finished-at="2020-07-21T06:11:28Z" duration-ms="2040" status="PASS">
          <reporter-output>
          </reporter-output>
        </test-method> <!-- setUp -->
        <test-method is-config="true" signature="HomePageSetUp()[pri:0, instance:com.qa.hubspot.tests.HomePageTest@54d9d12d]" started-at="2020-07-21T06:11:28Z" name="HomePageSetUp" finished-at="2020-07-21T06:11:34Z" duration-ms="6101" status="PASS">
          <reporter-output>
          </reporter-output>
        </test-method> <!-- HomePageSetUp -->
        <test-method signature="verifyHomePageTitleTest()[pri:1, instance:com.qa.hubspot.tests.HomePageTest@54d9d12d]" started-at="2020-07-21T06:11:34Z" name="verifyHomePageTitleTest" finished-at="2020-07-21T06:11:37Z" duration-ms="3650" status="PASS">
          <reporter-output>
          </reporter-output>
        </test-method> <!-- verifyHomePageTitleTest -->
        <test-method signature="verifyHomePageHeaderTest()[pri:2, instance:com.qa.hubspot.tests.HomePageTest@54d9d12d]" started-at="2020-07-21T06:11:37Z" name="verifyHomePageHeaderTest" finished-at="2020-07-21T06:11:37Z" duration-ms="48" status="PASS">
          <reporter-output>
          </reporter-output>
        </test-method> <!-- verifyHomePageHeaderTest -->
        <test-method signature="verifyLoggedInAccountName()[pri:3, instance:com.qa.hubspot.tests.HomePageTest@54d9d12d]" started-at="2020-07-21T06:11:37Z" name="verifyLoggedInAccountName" finished-at="2020-07-21T06:11:38Z" duration-ms="113" status="PASS">
          <reporter-output>
          </reporter-output>
        </test-method> <!-- verifyLoggedInAccountName -->
        <test-method is-config="true" signature="tearDown()[pri:0, instance:com.qa.hubspot.tests.HomePageTest@54d9d12d]" started-at="2020-07-21T06:11:38Z" name="tearDown" finished-at="2020-07-21T06:11:38Z" duration-ms="101" status="PASS">
          <reporter-output>
          </reporter-output>
        </test-method> <!-- tearDown -->
      </class> <!-- com.qa.hubspot.tests.HomePageTest -->
    </test> <!-- Home Page Test -->
  </suite> <!-- Hub spot Test Automation regression suite -->
</testng-results>
